<?xml version="1.0" encoding="UTF-8"?>
<testsuite xmlns:xsi="http://www.w3.org/2001/XMLSchema-instance" xsi:noNamespaceSchemaLocation="https://maven.apache.org/surefire/maven-surefire-plugin/xsd/surefire-test-report.xsd" name="CellTest" time="0.054" tests="8" errors="0" skipped="0" failures="1">
  <properties>
    <property name="sun.desktop" value="windows"/>
    <property name="awt.toolkit" value="sun.awt.windows.WToolkit"/>
    <property name="file.encoding.pkg" value="sun.io"/>
    <property name="java.specification.version" value="1.8"/>
    <property name="sun.cpu.isalist" value="amd64"/>
    <property name="sun.jnu.encoding" value="Cp1251"/>
    <property name="java.class.path" value="D:\Java\external\target\test-classes;D:\Java\external\target\classes;C:\Users\Pahan\.m2\repository\com\jcraft\jsch\0.1.55\jsch-0.1.55.jar;C:\Users\Pahan\.m2\repository\javax\javaee-api\6.0\javaee-api-6.0.jar;C:\Users\Pahan\.m2\repository\junit\junit\4.12\junit-4.12.jar;C:\Users\Pahan\.m2\repository\org\hamcrest\hamcrest-core\1.3\hamcrest-core-1.3.jar;C:\Users\Pahan\.m2\repository\commons-net\commons-net\3.3\commons-net-3.3.jar;C:\Users\Pahan\.m2\repository\org\slf4j\slf4j-api\1.7.5\slf4j-api-1.7.5.jar;C:\Users\Pahan\.m2\repository\org\slf4j\slf4j-simple\1.6.4\slf4j-simple-1.6.4.jar;C:\Users\Pahan\.m2\repository\org\springframework\spring-context\5.1.5.RELEASE\spring-context-5.1.5.RELEASE.jar;C:\Users\Pahan\.m2\repository\org\springframework\spring-aop\5.1.5.RELEASE\spring-aop-5.1.5.RELEASE.jar;C:\Users\Pahan\.m2\repository\org\springframework\spring-beans\5.1.5.RELEASE\spring-beans-5.1.5.RELEASE.jar;C:\Users\Pahan\.m2\repository\org\springframework\spring-expression\5.1.5.RELEASE\spring-expression-5.1.5.RELEASE.jar;C:\Users\Pahan\.m2\repository\org\slf4j\jcl-over-slf4j\1.7.5\jcl-over-slf4j-1.7.5.jar;C:\Users\Pahan\.m2\repository\org\springframework\spring-core\5.1.5.RELEASE\spring-core-5.1.5.RELEASE.jar;C:\Users\Pahan\.m2\repository\org\springframework\spring-jcl\5.1.5.RELEASE\spring-jcl-5.1.5.RELEASE.jar;"/>
    <property name="java.vm.vendor" value="Oracle Corporation"/>
    <property name="sun.arch.data.model" value="64"/>
    <property name="user.variant" value=""/>
    <property name="java.vendor.url" value="http://java.oracle.com/"/>
    <property name="user.timezone" value="Europe/Moscow"/>
    <property name="user.country.format" value="BY"/>
    <property name="java.vm.specification.version" value="1.8"/>
    <property name="os.name" value="Windows 10"/>
    <property name="user.country" value="RU"/>
    <property name="sun.java.launcher" value="SUN_STANDARD"/>
    <property name="sun.boot.library.path" value="F:\Program Files\Java\jdk1.8.0_201\jre\bin"/>
    <property name="sun.java.command" value="D:\Temp\User\AppData\Local\Temp\surefire5123656716519149323\surefirebooter2999323956964111875.jar D:\Temp\User\AppData\Local\Temp\surefire5123656716519149323 2019-06-24T22-31-51_075-jvmRun1 surefire6297226420572852269tmp surefire_02089327648702461214tmp"/>
    <property name="surefire.test.class.path" value="D:\Java\external\target\test-classes;D:\Java\external\target\classes;C:\Users\Pahan\.m2\repository\com\jcraft\jsch\0.1.55\jsch-0.1.55.jar;C:\Users\Pahan\.m2\repository\javax\javaee-api\6.0\javaee-api-6.0.jar;C:\Users\Pahan\.m2\repository\junit\junit\4.12\junit-4.12.jar;C:\Users\Pahan\.m2\repository\org\hamcrest\hamcrest-core\1.3\hamcrest-core-1.3.jar;C:\Users\Pahan\.m2\repository\commons-net\commons-net\3.3\commons-net-3.3.jar;C:\Users\Pahan\.m2\repository\org\slf4j\slf4j-api\1.7.5\slf4j-api-1.7.5.jar;C:\Users\Pahan\.m2\repository\org\slf4j\slf4j-simple\1.6.4\slf4j-simple-1.6.4.jar;C:\Users\Pahan\.m2\repository\org\springframework\spring-context\5.1.5.RELEASE\spring-context-5.1.5.RELEASE.jar;C:\Users\Pahan\.m2\repository\org\springframework\spring-aop\5.1.5.RELEASE\spring-aop-5.1.5.RELEASE.jar;C:\Users\Pahan\.m2\repository\org\springframework\spring-beans\5.1.5.RELEASE\spring-beans-5.1.5.RELEASE.jar;C:\Users\Pahan\.m2\repository\org\springframework\spring-expression\5.1.5.RELEASE\spring-expression-5.1.5.RELEASE.jar;C:\Users\Pahan\.m2\repository\org\slf4j\jcl-over-slf4j\1.7.5\jcl-over-slf4j-1.7.5.jar;C:\Users\Pahan\.m2\repository\org\springframework\spring-core\5.1.5.RELEASE\spring-core-5.1.5.RELEASE.jar;C:\Users\Pahan\.m2\repository\org\springframework\spring-jcl\5.1.5.RELEASE\spring-jcl-5.1.5.RELEASE.jar;"/>
    <property name="sun.cpu.endian" value="little"/>
    <property name="user.home" value="C:\Users\Pahan"/>
    <property name="user.language" value="ru"/>
    <property name="java.specification.vendor" value="Oracle Corporation"/>
    <property name="java.home" value="F:\Program Files\Java\jdk1.8.0_201\jre"/>
    <property name="basedir" value="D:\Java\external"/>
    <property name="file.separator" value="\"/>
    <property name="line.separator" value="&#10;"/>
    <property name="java.vm.specification.vendor" value="Oracle Corporation"/>
    <property name="java.specification.name" value="Java Platform API Specification"/>
    <property name="java.awt.graphicsenv" value="sun.awt.Win32GraphicsEnvironment"/>
    <property name="surefire.real.class.path" value="D:\Temp\User\AppData\Local\Temp\surefire5123656716519149323\surefirebooter2999323956964111875.jar"/>
    <property name="sun.boot.class.path" value="F:\Program Files\Java\jdk1.8.0_201\jre\lib\resources.jar;F:\Program Files\Java\jdk1.8.0_201\jre\lib\rt.jar;F:\Program Files\Java\jdk1.8.0_201\jre\lib\sunrsasign.jar;F:\Program Files\Java\jdk1.8.0_201\jre\lib\jsse.jar;F:\Program Files\Java\jdk1.8.0_201\jre\lib\jce.jar;F:\Program Files\Java\jdk1.8.0_201\jre\lib\charsets.jar;F:\Program Files\Java\jdk1.8.0_201\jre\lib\jfr.jar;F:\Program Files\Java\jdk1.8.0_201\jre\classes"/>
    <property name="user.script" value=""/>
    <property name="sun.management.compiler" value="HotSpot 64-Bit Tiered Compilers"/>
    <property name="java.runtime.version" value="1.8.0_201-b09"/>
    <property name="user.name" value="Pahan"/>
    <property name="path.separator" value=";"/>
    <property name="os.version" value="10.0"/>
    <property name="java.endorsed.dirs" value="F:\Program Files\Java\jdk1.8.0_201\jre\lib\endorsed"/>
    <property name="java.runtime.name" value="Java(TM) SE Runtime Environment"/>
    <property name="file.encoding" value="Cp1251"/>
    <property name="java.vm.name" value="Java HotSpot(TM) 64-Bit Server VM"/>
    <property name="localRepository" value="C:\Users\Pahan\.m2\repository"/>
    <property name="java.vendor.url.bug" value="http://bugreport.sun.com/bugreport/"/>
    <property name="java.io.tmpdir" value="D:\Temp\User\AppData\Local\Temp\"/>
    <property name="idea.version" value="2018.3.4"/>
    <property name="java.version" value="1.8.0_201"/>
    <property name="user.dir" value="D:\Java\external"/>
    <property name="os.arch" value="amd64"/>
    <property name="java.vm.specification.name" value="Java Virtual Machine Specification"/>
    <property name="java.awt.printerjob" value="sun.awt.windows.WPrinterJob"/>
    <property name="sun.os.patch.level" value=""/>
    <property name="java.library.path" value="F:\Program Files\Java\jdk1.8.0_201\jre\bin;C:\Windows\Sun\Java\bin;C:\Windows\system32;C:\Windows;C:\Program Files (x86)\Common Files\Oracle\Java\javapath;C:\Windows\system32;C:\Windows;C:\Windows\System32\Wbem;C:\Windows\System32\WindowsPowerShell\v1.0\;C:\Windows\System32\OpenSSH\;C:\Program Files (x86)\Common Files\Acronis\SnapAPI\;F:\Program Files\Git\cmd;F:\Program Files\apache-maven-3.6.0\bin;F:\Program Files\Java\jdk1.8.0_201\bin;C:\Users\Pahan\AppData\Local\Microsoft\WindowsApps;F:\Program Files\JetBrains\IntelliJ IDEA Community Edition 2018.3.4\bin;;F:\Program Files\apache-maven-3.6.0\bin;F:\Program Files\Java\jdk1.8.0_201\bin;F:\Program Files\Java\jdk1.8.0_201\bin;;."/>
    <property name="java.vm.info" value="mixed mode"/>
    <property name="java.vendor" value="Oracle Corporation"/>
    <property name="java.vm.version" value="25.201-b09"/>
    <property name="java.ext.dirs" value="F:\Program Files\Java\jdk1.8.0_201\jre\lib\ext;C:\Windows\Sun\Java\lib\ext"/>
    <property name="sun.io.unicode.encoding" value="UnicodeLittle"/>
    <property name="java.class.version" value="52.0"/>
  </properties>
  <testcase name="getLac" classname="CellTest" time="0.002"/>
  <testcase name="getPsc" classname="CellTest" time="0"/>
  <testcase name="getRnc" classname="CellTest" time="0"/>
  <testcase name="getCellList_NO_NULL" classname="CellTest" time="0"/>
  <testcase name="addToCellList" classname="CellTest" time="0"/>
  <testcase name="getCellId" classname="CellTest" time="0"/>
  <testcase name="getCellList" classname="CellTest" time="0.006">
    <failure message="expected:&lt;[]&gt; but was:&lt;[com.pavelk.cells.Cell@3c679bde, com.pavelk.cells.Cell@16b4a017, com.pavelk.cells.Cell@8807e25]&gt;" type="java.lang.AssertionError"><![CDATA[java.lang.AssertionError: expected:<[]> but was:<[com.pavelk.cells.Cell@3c679bde, com.pavelk.cells.Cell@16b4a017, com.pavelk.cells.Cell@8807e25]>
	at CellTest.getCellList(CellTest.java:33)
]]></failure>
  </testcase>
  <testcase name="getCellName" classname="CellTest" time="0"/>
</testsuite>